// 同步 ID: be197d01 @ Wed Jun 17 00:05:03 UTC 2026
// 同步 ID: c1f11e51 @ Sat Jun 20 16:27:34 UTC 2026
// 重构日志: e1d79ff9
// 重构日志: bf7fcddd
// 重构日志: aefa61fa
// 重构日志: f6edd31a
// 同步 ID: f3969ec7 @ Sun Jun 28 02:14:25 UTC 2026
// 重构日志: d63375c0
// 重构日志: 6083b943
// 重构日志: 5701d1e2
// 重构日志: a6620dc7
// 重构日志: 11fc390b
// 同步 ID: 731a0c50 @ Fri Jul  3 14:06:31 UTC 2026
// 重构日志: 025acfcf
// 同步 ID: 016c439e @ Sat Jul  4 00:13:16 UTC 2026
// 重构日志: 2d800f4c
// 同步 ID: ed1c2a64 @ Sat Jul  4 17:58:26 UTC 2026
// 重构日志: 88a8b7e2
// 同步 ID: f505188c @ Sun Jul  5 17:12:59 UTC 2026
// 重构日志: a4a33438
// 重构日志: ebd93dd0
// 同步 ID: 992014cd @ Wed Jul  8 16:09:46 UTC 2026
// 同步 ID: fb62d826 @ Thu Jul  9 02:00:26 UTC 2026
// 重构日志: 96e3fa16
// 重构日志: 59d59d33
// 重构日志: d725a992
// 同步 ID: a995cf4e @ Sat Jul 11 14:50:01 UTC 2026
// 重构日志: 35d6503b
// 同步 ID: bd8aed2d @ Sat Jul 11 21:55:34 UTC 2026
// 同步 ID: 6b3ff352 @ Sun Jul 12 05:38:15 UTC 2026
